<?xml version="1.0" encoding="UTF-8"?>
<!-- Generated by org.testng.reporters.JUnitReportReporter -->
<testsuite hostname="DESKTOP-S6VGP32" failures="0" tests="1" name="jenkinsWithSelenium.JenkinsDemo" time="48.820" errors="0" timestamp="18 Mar 2021 05:08:02 GMT" skipped="0">
  <testcase classname="jenkinsWithSelenium.JenkinsDemo" name="testgooglrsearch1" time="48.820"/>
</testsuite> <!-- jenkinsWithSelenium.JenkinsDemo -->
